c:\users\buiqu\documents\minecraft_reboot\minecraft_reboot\minecraft_reboot\x64\debug\vc143.pdb
c:\users\buiqu\documents\minecraft_reboot\minecraft_reboot\minecraft_reboot\x64\debug\vc143.idb
c:\users\buiqu\documents\minecraft_reboot\minecraft_reboot\minecraft_reboot\x64\debug\glad.obj
c:\users\buiqu\documents\minecraft_reboot\minecraft_reboot\minecraft_reboot\x64\debug\voxel.obj
c:\users\buiqu\documents\minecraft_reboot\minecraft_reboot\minecraft_reboot\x64\debug\texturemanager.obj
c:\users\buiqu\documents\minecraft_reboot\minecraft_reboot\minecraft_reboot\x64\debug\texture2darray.obj
c:\users\buiqu\documents\minecraft_reboot\minecraft_reboot\minecraft_reboot\x64\debug\shaderprogram.obj
c:\users\buiqu\documents\minecraft_reboot\minecraft_reboot\minecraft_reboot\x64\debug\shadermanager.obj
c:\users\buiqu\documents\minecraft_reboot\minecraft_reboot\minecraft_reboot\x64\debug\shader.obj
c:\users\buiqu\documents\minecraft_reboot\minecraft_reboot\minecraft_reboot\x64\debug\quad.obj
c:\users\buiqu\documents\minecraft_reboot\minecraft_reboot\minecraft_reboot\x64\debug\meshgenerator.obj
c:\users\buiqu\documents\minecraft_reboot\minecraft_reboot\minecraft_reboot\x64\debug\meshbuilder.obj
c:\users\buiqu\documents\minecraft_reboot\minecraft_reboot\minecraft_reboot\x64\debug\mathutil.obj
c:\users\buiqu\documents\minecraft_reboot\minecraft_reboot\minecraft_reboot\x64\debug\main.obj
c:\users\buiqu\documents\minecraft_reboot\minecraft_reboot\minecraft_reboot\x64\debug\gamestates.obj
c:\users\buiqu\documents\minecraft_reboot\minecraft_reboot\minecraft_reboot\x64\debug\gameobject.obj
c:\users\buiqu\documents\minecraft_reboot\minecraft_reboot\minecraft_reboot\x64\debug\game.obj
c:\users\buiqu\documents\minecraft_reboot\minecraft_reboot\minecraft_reboot\x64\debug\fileutils.obj
c:\users\buiqu\documents\minecraft_reboot\minecraft_reboot\minecraft_reboot\x64\debug\chunk.obj
c:\users\buiqu\documents\minecraft_reboot\minecraft_reboot\minecraft_reboot\x64\debug\camera.obj
c:\users\buiqu\documents\minecraft_reboot\minecraft_reboot\minecraft_reboot\x64\debug\player.obj
c:\users\buiqu\documents\minecraft_reboot\minecraft_reboot\minecraft_reboot\x64\debug\chunkmanager.obj
c:\users\buiqu\documents\minecraft_reboot\minecraft_reboot\x64\debug\minecraft_reboot.exe
c:\users\buiqu\documents\minecraft_reboot\minecraft_reboot\minecraft_reboot\map
c:\users\buiqu\documents\minecraft_reboot\minecraft_reboot\x64\debug\minecraft_reboot.pdb
c:\users\buiqu\documents\minecraft_reboot\minecraft_reboot\minecraft_reboot\x64\debug\minecraft_reboot.res
c:\users\buiqu\documents\minecraft_reboot\minecraft_reboot\minecraft_reboot\x64\debug\minecraft_reboot.ilk
c:\users\buiqu\documents\minecraft_reboot\minecraft_reboot\minecraft_reboot\x64\debug\minecraft_reboot.tlog\cl.command.1.tlog
c:\users\buiqu\documents\minecraft_reboot\minecraft_reboot\minecraft_reboot\x64\debug\minecraft_reboot.tlog\cl.items.tlog
c:\users\buiqu\documents\minecraft_reboot\minecraft_reboot\minecraft_reboot\x64\debug\minecraft_reboot.tlog\cl.read.1.tlog
c:\users\buiqu\documents\minecraft_reboot\minecraft_reboot\minecraft_reboot\x64\debug\minecraft_reboot.tlog\cl.write.1.tlog
c:\users\buiqu\documents\minecraft_reboot\minecraft_reboot\minecraft_reboot\x64\debug\minecraft_reboot.tlog\link.command.1.tlog
c:\users\buiqu\documents\minecraft_reboot\minecraft_reboot\minecraft_reboot\x64\debug\minecraft_reboot.tlog\link.read.1.tlog
c:\users\buiqu\documents\minecraft_reboot\minecraft_reboot\minecraft_reboot\x64\debug\minecraft_reboot.tlog\link.secondary.1.tlog
c:\users\buiqu\documents\minecraft_reboot\minecraft_reboot\minecraft_reboot\x64\debug\minecraft_reboot.tlog\link.write.1.tlog
c:\users\buiqu\documents\minecraft_reboot\minecraft_reboot\minecraft_reboot\x64\debug\minecraft_reboot.tlog\rc.command.1.tlog
c:\users\buiqu\documents\minecraft_reboot\minecraft_reboot\minecraft_reboot\x64\debug\minecraft_reboot.tlog\rc.read.1.tlog
c:\users\buiqu\documents\minecraft_reboot\minecraft_reboot\minecraft_reboot\x64\debug\minecraft_reboot.tlog\rc.write.1.tlog
